root/.npm/_logs/2017-08-04T23_00_11_798Z-debug.log

0 info it worked if it ends with ok
1 verbose cli [ '/root/.nvm/versions/node/v7.10.0/bin/node',
1 verbose cli   '/root/.nvm/versions/node/v7.10.0/bin/npm',
1 verbose cli   'run',
1 verbose cli   'prod' ]
2 info using npm@4.2.0
3 info using node@v7.10.0
4 verbose run-script [ 'preprod', 'prod', 'postprod' ]
5 info lifecycle @~preprod: @
6 silly lifecycle @~preprod: no script for preprod, continuing
7 info lifecycle @~prod: @
8 verbose lifecycle @~prod: unsafe-perm in lifecycle true
9 verbose lifecycle @~prod: PATH: /root/.nvm/versions/node/v7.10.0/lib/node_modules/npm/bin/node-gyp-bin:/home/communitycrit/communitycrit/node_modules/.bin:/root/.nvm/versions/node/v7.10.0/bin:/usr/local/sbin:/usr/local/bin:/usr/sbin:/usr/bin:/sbin:/bin
10 verbose lifecycle @~prod: CWD: /home/communitycrit/communitycrit
11 silly lifecycle @~prod: Args: [ '-c', 'npm run production' ]
12 silly lifecycle @~prod: Returned: code: 1  signal: null
13 info lifecycle @~prod: Failed to exec prod script
14 verbose stack Error: @ prod: `npm run production`
14 verbose stack Exit status 1
14 verbose stack     at EventEmitter.<anonymous> (/root/.nvm/versions/node/v7.10.0/lib/node_modules/npm/lib/utils/lifecycle.js:279:16)
14 verbose stack     at emitTwo (events.js:106:13)
14 verbose stack     at EventEmitter.emit (events.js:194:7)
14 verbose stack     at ChildProcess.<anonymous> (/root/.nvm/versions/node/v7.10.0/lib/node_modules/npm/lib/utils/spawn.js:40:14)
14 verbose stack     at emitTwo (events.js:106:13)
14 verbose stack     at ChildProcess.emit (events.js:194:7)
14 verbose stack     at maybeClose (internal/child_process.js:899:16)
14 verbose stack     at Process.ChildProcess._handle.onexit (internal/child_process.js:226:5)
15 verbose pkgid @
16 verbose cwd /home/communitycrit/communitycrit
17 error Linux 3.16.0-4-amd64
18 error argv "/root/.nvm/versions/node/v7.10.0/bin/node" "/root/.nvm/versions/node/v7.10.0/bin/npm" "run" "prod"
19 error node v7.10.0
20 error npm  v4.2.0
21 error code ELIFECYCLE
22 error errno 1
23 error @ prod: `npm run production`
23 error Exit status 1
24 error Failed at the @ prod script 'npm run production'.
24 error Make sure you have the latest version of node.js and npm installed.
24 error If you do, this is most likely a problem with the  package,
24 error not with npm itself.
24 error Tell the author that this fails on your system:
24 error     npm run production
24 error You can get information on how to open an issue for this project with:
24 error     npm bugs
24 error Or if that isn't available, you can get their info via:
24 error     npm owner ls
24 error There is likely additional logging output above.
25 verbose exit [ 1, true ]